<?xml version="1.0" encoding="UTF-8"?>
<!-- Generated by org.testng.reporters.JUnitXMLReporter -->
<testsuite ignored="0" hostname="DESKTOP-6ED9IH0" failures="0" tests="7" name="Test" time="0.147" errors="0" timestamp="14 Mar 2021 17:55:38 GMT">
  <testcase classname="testingtestngwithmaven.salary" name="employeeSalary" time="0.026"/>
  <testcase classname="testingtestngwithmaven.salary" name="managerSalary" time="0.003"/>
  <testcase classname="testingtestngwithmaven.profiles" name="employeeProfile" time="0.005"/>
  <testcase classname="testingtestngwithmaven.profiles" name="managerProfile" time="0.002"/>
  <testcase classname="testingtestngwithmaven.employeeLogin" name="accountantProfile" time="0.002"/>
  <testcase classname="testingtestngwithmaven.employeeLogin" name="employeeLogin" time="0.004"/>
  <testcase classname="testingtestngwithmaven.employeeLogin" name="managerLogin" time="0.004"/>
</testsuite> <!-- Test -->
