<?xml version="1.0" encoding="UTF-8"?>
<!-- Generated by org.testng.reporters.JUnitXMLReporter -->
<testsuite ignored="0" hostname="DESKTOP-6ED9IH0" failures="0" tests="7" name="Test" time="0.044" errors="0" timestamp="06 Apr 2021 01:36:46 GMT">
  <testcase classname="testingtestngwithmaven.salary" name="employeeSalary" time="0.01"/>
  <testcase classname="testingtestngwithmaven.salary" name="managerSalary" time="0.001"/>
  <testcase classname="testingtestngwithmaven.profiles" name="employeeProfile" time="0.0"/>
  <testcase classname="testingtestngwithmaven.profiles" name="managerProfile" time="0.0"/>
  <testcase classname="testingtestngwithmaven.employeeLogin" name="accountantProfile" time="0.0"/>
  <testcase classname="testingtestngwithmaven.employeeLogin" name="employeeLogin" time="0.002"/>
  <testcase classname="testingtestngwithmaven.employeeLogin" name="managerLogin" time="0.0"/>
</testsuite> <!-- Test -->
