<?xml version="1.0" encoding="UTF-8"?>
<testng-results ignored="0" total="7" passed="7" failed="0" skipped="0">
  <reporter-output>
  </reporter-output>
  <suite started-at="2021-04-06T01:36:46Z" name="Suite" finished-at="2021-04-06T01:36:46Z" duration-ms="44">
    <groups>
    </groups>
    <test started-at="2021-04-06T01:36:46Z" name="Test" finished-at="2021-04-06T01:36:46Z" duration-ms="44">
      <class name="testingtestngwithmaven.profiles">
        <test-method signature="employeeProfile()[pri:0, instance:testingtestngwithmaven.profiles@16aa8654]" started-at="2021-04-06T01:36:46Z" name="employeeProfile" finished-at="2021-04-06T01:36:46Z" duration-ms="0" status="PASS">
          <reporter-output>
          </reporter-output>
        </test-method> <!-- employeeProfile -->
        <test-method signature="managerProfile()[pri:0, instance:testingtestngwithmaven.profiles@16aa8654]" started-at="2021-04-06T01:36:46Z" name="managerProfile" finished-at="2021-04-06T01:36:46Z" duration-ms="0" status="PASS">
          <reporter-output>
          </reporter-output>
        </test-method> <!-- managerProfile -->
      </class> <!-- testingtestngwithmaven.profiles -->
      <class name="testingtestngwithmaven.salary">
        <test-method signature="employeeSalary()[pri:0, instance:testingtestngwithmaven.salary@57c03d88]" started-at="2021-04-06T01:36:46Z" name="employeeSalary" finished-at="2021-04-06T01:36:46Z" duration-ms="10" status="PASS">
          <reporter-output>
          </reporter-output>
        </test-method> <!-- employeeSalary -->
        <test-method signature="managerSalary()[pri:0, instance:testingtestngwithmaven.salary@57c03d88]" started-at="2021-04-06T01:36:46Z" name="managerSalary" finished-at="2021-04-06T01:36:46Z" duration-ms="1" status="PASS">
          <reporter-output>
          </reporter-output>
        </test-method> <!-- managerSalary -->
      </class> <!-- testingtestngwithmaven.salary -->
      <class name="testingtestngwithmaven.employeeLogin">
        <test-method signature="employeeLogin()[pri:0, instance:testingtestngwithmaven.employeeLogin@6d7fc27]" started-at="2021-04-06T01:36:46Z" name="employeeLogin" finished-at="2021-04-06T01:36:46Z" duration-ms="2" status="PASS">
          <reporter-output>
          </reporter-output>
        </test-method> <!-- employeeLogin -->
        <test-method signature="accountantProfile()[pri:0, instance:testingtestngwithmaven.employeeLogin@6d7fc27]" started-at="2021-04-06T01:36:46Z" name="accountantProfile" finished-at="2021-04-06T01:36:46Z" duration-ms="0" status="PASS">
          <reporter-output>
          </reporter-output>
        </test-method> <!-- accountantProfile -->
        <test-method signature="managerLogin()[pri:0, instance:testingtestngwithmaven.employeeLogin@6d7fc27]" started-at="2021-04-06T01:36:46Z" name="managerLogin" finished-at="2021-04-06T01:36:46Z" duration-ms="0" status="PASS">
          <reporter-output>
          </reporter-output>
        </test-method> <!-- managerLogin -->
      </class> <!-- testingtestngwithmaven.employeeLogin -->
    </test> <!-- Test -->
  </suite> <!-- Suite -->
</testng-results>
