<?xml version="1.0" encoding="UTF-8"?>
<testsuite xmlns:xsi="http://www.w3.org/2001/XMLSchema-instance" xsi:noNamespaceSchemaLocation="https://maven.apache.org/surefire/maven-surefire-plugin/xsd/surefire-test-report-3.0.xsd" version="3.0" name="TestSuite" time="1.336" tests="7" errors="0" skipped="0" failures="0">
  <properties>
[...]
</properties>
  <testcase name="employeeSalary" classname="testingtestngwithmaven.salary" time="0.006">
    <system-out><![CDATA[[TestNGContentHandler] [WARN] It is strongly recommended to add "<!DOCTYPE suite SYSTEM "http://testng.org/testng-1.0.dtd" >" at the top of your file, otherwise TestNG may fail or not work as expected.
This is employee salary
]]></system-out>
  </testcase>
  <testcase name="managerSalary" classname="testingtestngwithmaven.salary" time="0">
    <system-out><![CDATA[Manager salary
]]></system-out>
  </testcase>
  <testcase name="employeeProfile" classname="testingtestngwithmaven.profiles" time="0">
    <system-out><![CDATA[This is employee profile
]]></system-out>
  </testcase>
  <testcase name="managerProfile" classname="testingtestngwithmaven.profiles" time="0">
    <system-out><![CDATA[manager profile
]]></system-out>
  </testcase>
  <testcase name="accountantProfile" classname="testingtestngwithmaven.employeeLogin" time="0">
    <system-out><![CDATA[This is accountant profile
]]></system-out>
  </testcase>
  <testcase name="employeeLogin" classname="testingtestngwithmaven.employeeLogin" time="0.001">
    <system-out><![CDATA[This is employee profile
]]></system-out>
  </testcase>
  <testcase name="managerLogin" classname="testingtestngwithmaven.employeeLogin" time="0.001">
    <system-out><![CDATA[This is manager profile
]]></system-out>
  </testcase>
</testsuite>