<?xml version="1.0" encoding="UTF-8"?>
<testng-results ignored="0" total="7" passed="7" failed="0" skipped="0">
  <reporter-output>
  </reporter-output>
  <suite started-at="2021-03-14T17:55:37Z" name="Suite" finished-at="2021-03-14T17:55:38Z" duration-ms="147">
    <groups>
    </groups>
    <test started-at="2021-03-14T17:55:37Z" name="Test" finished-at="2021-03-14T17:55:38Z" duration-ms="147">
      <class name="testingtestngwithmaven.profiles">
        <test-method signature="employeeProfile()[pri:0, instance:testingtestngwithmaven.profiles@121314f7]" started-at="2021-03-14T17:55:38Z" name="employeeProfile" finished-at="2021-03-14T17:55:38Z" duration-ms="5" status="PASS">
          <reporter-output>
          </reporter-output>
        </test-method> <!-- employeeProfile -->
        <test-method signature="managerProfile()[pri:0, instance:testingtestngwithmaven.profiles@121314f7]" started-at="2021-03-14T17:55:38Z" name="managerProfile" finished-at="2021-03-14T17:55:38Z" duration-ms="2" status="PASS">
          <reporter-output>
          </reporter-output>
        </test-method> <!-- managerProfile -->
      </class> <!-- testingtestngwithmaven.profiles -->
      <class name="testingtestngwithmaven.salary">
        <test-method signature="employeeSalary()[pri:0, instance:testingtestngwithmaven.salary@60bd273d]" started-at="2021-03-14T17:55:38Z" name="employeeSalary" finished-at="2021-03-14T17:55:38Z" duration-ms="26" status="PASS">
          <reporter-output>
          </reporter-output>
        </test-method> <!-- employeeSalary -->
        <test-method signature="managerSalary()[pri:0, instance:testingtestngwithmaven.salary@60bd273d]" started-at="2021-03-14T17:55:38Z" name="managerSalary" finished-at="2021-03-14T17:55:38Z" duration-ms="3" status="PASS">
          <reporter-output>
          </reporter-output>
        </test-method> <!-- managerSalary -->
      </class> <!-- testingtestngwithmaven.salary -->
      <class name="testingtestngwithmaven.employeeLogin">
        <test-method signature="accountantProfile()[pri:0, instance:testingtestngwithmaven.employeeLogin@130c12b7]" started-at="2021-03-14T17:55:38Z" name="accountantProfile" finished-at="2021-03-14T17:55:38Z" duration-ms="2" status="PASS">
          <reporter-output>
          </reporter-output>
        </test-method> <!-- accountantProfile -->
        <test-method signature="employeeLogin()[pri:0, instance:testingtestngwithmaven.employeeLogin@130c12b7]" started-at="2021-03-14T17:55:38Z" name="employeeLogin" finished-at="2021-03-14T17:55:38Z" duration-ms="4" status="PASS">
          <reporter-output>
          </reporter-output>
        </test-method> <!-- employeeLogin -->
        <test-method signature="managerLogin()[pri:0, instance:testingtestngwithmaven.employeeLogin@130c12b7]" started-at="2021-03-14T17:55:38Z" name="managerLogin" finished-at="2021-03-14T17:55:38Z" duration-ms="4" status="PASS">
          <reporter-output>
          </reporter-output>
        </test-method> <!-- managerLogin -->
      </class> <!-- testingtestngwithmaven.employeeLogin -->
    </test> <!-- Test -->
  </suite> <!-- Suite -->
</testng-results>
